<?xml version="1.0" encoding="UTF-8"?>
<!-- Generated by org.testng.reporters.JUnitReportReporter -->
<testsuite hostname="ShameemsLaptop" failures="0" tests="1" name="runner.TestRunnerTestNG" time="17.719" errors="0" timestamp="2022-09-17T10:56:22 PDT" skipped="0">
  <testcase classname="runner.TestRunnerTestNG" name="runScenario" time="17.719"/>
  <system-out/>
</testsuite> <!-- runner.TestRunnerTestNG -->
